#
# A fatal error has been detected by the Java Runtime Environment:
#
#  EXCEPTION_ACCESS_VIOLATION (0xc0000005) at pc=0x000000006cd68845, pid=5360, tid=7504
#
# JRE version: Java(TM) SE Runtime Environment (8.0_60-b27) (build 1.8.0_60-b27)
# Java VM: Java HotSpot(TM) 64-Bit Server VM (25.60-b23 mixed mode windows-amd64 compressed oops)
# Problematic frame:
# V  [jvm.dll+0x128845]
#
# Failed to write core dump. Minidumps are not enabled by default on client versions of Windows
#
# If you would like to submit a bug report, please visit:
#   http://bugreport.java.com/bugreport/crash.jsp
#

---------------  T H R E A D  ---------------

Current thread (0x0000000014ff2800):  JavaThread "JDWP Transport Listener: dt_socket" daemon [_thread_in_vm, id=7504, stack(0x0000000016010000,0x0000000016110000)]

siginfo: ExceptionCode=0xc0000005, reading address 0x0000000000000052

Registers:
RAX=0x000000001610f601, RBX=0x0000000014ff2800, RCX=0x0000000000000052, RDX=0x0000000000000000
RSP=0x000000001610f5e0, RBP=0x0000000000000052, RSI=0x000000001610f6f8, RDI=0x0000000001469e60
R8 =0x0000000014ff2800, R9 =0x0000000000008000, R10=0x0000000000000000, R11=0x000000001610f89d
R12=0x0000000000000000, R13=0x0000000014ffc358, R14=0x0000000000000000, R15=0x0000000000000000
RIP=0x000000006cd68845, EFLAGS=0x0000000000010202

Top of Stack: (sp=0x000000001610f5e0)
0x000000001610f5e0:   0000000014ff2800 0000000014ff2800
0x000000001610f5f0:   000000001610f6a8 000000006cf6e18b
0x000000001610f600:   0000000014ff2800 000000006cf8a9ed
0x000000001610f610:   0000000000000000 000000006dee9155
0x000000001610f620:   000000001507a850 000000006def291e
0x000000001610f630:   0000000014ff2800 0000000000000000
0x000000001610f640:   0000000000000000 0000000000000000
0x000000001610f650:   0000000000000052 000000006def1a15
0x000000001610f660:   000000001610f6f8 000000001610f6d0
0x000000001610f670:   0000000000000001 000000001507a850
0x000000001610f680:   0000000000000052 000000006ded53b3
0x000000001610f690:   000000001610f7c0 0000000000000001
0x000000001610f6a0:   0000000000000001 000000001507a850
0x000000001610f6b0:   0000000000000001 0000000000000000
0x000000001610f6c0:   0000000000000000 0000000000000000
0x000000001610f6d0:   0000000000000001 000000006ded5571 

Instructions: (pc=0x000000006cd68845)
0x000000006cd68825:   cc cc cc cc cc cc cc cc cc cc cc 48 83 ec 28 48
0x000000006cd68835:   85 c9 75 07 33 c0 48 83 c4 28 c3 48 89 5c 24 20
0x000000006cd68845:   48 8b 19 48 85 db 74 20 48 83 fb 37 74 1a 48 8b
0x000000006cd68855:   13 48 8b cb ff 52 10 84 c0 74 0d 48 8b c3 48 8b 


Register to memory mapping:

RAX=0x000000001610f601 is pointing into the stack for thread: 0x0000000014ff2800
RBX=0x0000000014ff2800 is a thread
RCX=0x0000000000000052 is an unknown value
RDX=0x0000000000000000 is an unknown value
RSP=0x000000001610f5e0 is pointing into the stack for thread: 0x0000000014ff2800
RBP=0x0000000000000052 is an unknown value
RSI=0x000000001610f6f8 is pointing into the stack for thread: 0x0000000014ff2800
RDI=0x0000000001469e60 is an unknown value
R8 =0x0000000014ff2800 is a thread
R9 =0x0000000000008000 is an unknown value
R10=0x0000000000000000 is an unknown value
R11=0x000000001610f89d is pointing into the stack for thread: 0x0000000014ff2800
R12=0x0000000000000000 is an unknown value
R13=0x0000000014ffc358 is an unknown value
R14=0x0000000000000000 is an unknown value
R15=0x0000000000000000 is an unknown value


Stack: [0x0000000016010000,0x0000000016110000],  sp=0x000000001610f5e0,  free space=1021k
Native frames: (J=compiled Java code, j=interpreted, Vv=VM code, C=native code)
V  [jvm.dll+0x128845]
V  [jvm.dll+0x34a9ed]
C  [jdwp.dll+0x21a15]
C  [jdwp.dll+0x53b3]
C  [jdwp.dll+0x5571]
C  [jdwp.dll+0xf0a8]
C  [jdwp.dll+0x1f2d5]
C  [jdwp.dll+0x1f4aa]
V  [jvm.dll+0x1bb8e8]
V  [jvm.dll+0x243134]
V  [jvm.dll+0x299f6a]
C  [msvcr100.dll+0x21d9f]
C  [msvcr100.dll+0x21e3b]
C  [KERNEL32.DLL+0x8364]
C  [ntdll.dll+0x670d1]


---------------  P R O C E S S  ---------------

Java Threads: ( => current thread )
  0x0000000015079000 JavaThread "Service Thread" daemon [_thread_blocked, id=5996, stack(0x0000000016510000,0x0000000016610000)]
  0x0000000015015800 JavaThread "C1 CompilerThread1" daemon [_thread_blocked, id=6040, stack(0x0000000016410000,0x0000000016510000)]
  0x000000001501e800 JavaThread "C2 CompilerThread0" daemon [_thread_blocked, id=1956, stack(0x0000000016310000,0x0000000016410000)]
  0x0000000015002000 JavaThread "JDWP Command Reader" daemon [_thread_in_native, id=5948, stack(0x0000000016210000,0x0000000016310000)]
  0x0000000014ffe800 JavaThread "JDWP Event Helper Thread" daemon [_thread_blocked, id=8776, stack(0x0000000016110000,0x0000000016210000)]
=>0x0000000014ff2800 JavaThread "JDWP Transport Listener: dt_socket" daemon [_thread_in_vm, id=7504, stack(0x0000000016010000,0x0000000016110000)]
  0x0000000014fe7800 JavaThread "Attach Listener" daemon [_thread_blocked, id=5780, stack(0x0000000015f10000,0x0000000016010000)]
  0x0000000014fe4800 JavaThread "Signal Dispatcher" daemon [_thread_blocked, id=8448, stack(0x0000000015e10000,0x0000000015f10000)]
  0x0000000002efe000 JavaThread "Finalizer" daemon [_thread_blocked, id=5668, stack(0x0000000015c20000,0x0000000015d20000)]
  0x0000000002efb800 JavaThread "Reference Handler" daemon [_thread_blocked, id=3464, stack(0x0000000015b20000,0x0000000015c20000)]
  0x0000000002e12800 JavaThread "main" [_thread_blocked, id=8072, stack(0x0000000002c10000,0x0000000002d10000)]

Other Threads:
  0x0000000014fb5000 VMThread [stack: 0x0000000015a20000,0x0000000015b20000] [id=3028]
  0x0000000015080800 WatcherThread [stack: 0x0000000016610000,0x0000000016710000] [id=7508]

VM state:not at safepoint (normal execution)

VM Mutex/Monitor currently owned by a thread: None

Heap:
 PSYoungGen      total 17408K, used 1843K [0x00000000ecc00000, 0x00000000edf00000, 0x0000000100000000)
  eden space 15360K, 12% used [0x00000000ecc00000,0x00000000ecdcce10,0x00000000edb00000)
  from space 2048K, 0% used [0x00000000edd00000,0x00000000edd00000,0x00000000edf00000)
  to   space 2048K, 0% used [0x00000000edb00000,0x00000000edb00000,0x00000000edd00000)
 ParOldGen       total 39936K, used 0K [0x00000000c6400000, 0x00000000c8b00000, 0x00000000ecc00000)
  object space 39936K, 0% used [0x00000000c6400000,0x00000000c6400000,0x00000000c8b00000)
 Metaspace       used 2792K, capacity 4498K, committed 4864K, reserved 1056768K
  class space    used 301K, capacity 386K, committed 512K, reserved 1048576K

Card table byte_map: [0x00000000122d0000,0x00000000124a0000] byte_map_base: 0x0000000011c9e000

Marking Bits: (ParMarkBitMap*) 0x000000006d44a5b0
 Begin Bits: [0x00000000127e0000, 0x0000000013650000)
 End Bits:   [0x0000000013650000, 0x00000000144c0000)

Polling page: 0x00000000011f0000

CodeCache: size=245760Kb used=1133Kb max_used=1133Kb free=244626Kb
 bounds [0x0000000002f10000, 0x0000000003180000, 0x0000000011f10000]
 total_blobs=268 nmethods=43 adapters=147
 compilation: enabled

Compilation events (10 events):
Event: 6.559 Thread 0x0000000015015800   39       1       java.net.URL::getAuthority (5 bytes)
Event: 6.559 Thread 0x0000000015015800 nmethod 39 0x00000000030293d0 code [0x0000000003029520, 0x0000000003029630]
Event: 6.559 Thread 0x0000000015015800   40       1       java.net.URL::getPath (5 bytes)
Event: 6.560 Thread 0x0000000015015800 nmethod 40 0x0000000003029690 code [0x00000000030297e0, 0x00000000030298f0]
Event: 6.624 Thread 0x0000000015015800   41  s    1       java.util.Vector::size (5 bytes)
Event: 6.625 Thread 0x0000000015015800 nmethod 41 0x0000000003029950 code [0x0000000003029aa0, 0x0000000003029d10]
Event: 6.684 Thread 0x0000000015015800   42       3       java.io.WinNTFileSystem::normalize (143 bytes)
Event: 6.689 Thread 0x0000000015015800 nmethod 42 0x0000000003029d90 code [0x0000000003029f80, 0x000000000302a808]
Event: 6.755 Thread 0x0000000015015800   43       3       java.lang.AbstractStringBuilder::expandCapacity (50 bytes)
Event: 6.758 Thread 0x0000000015015800 nmethod 43 0x000000000302ac10 code [0x000000000302adc0, 0x000000000302b338]

GC Heap History (0 events):
No events

Deoptimization events (0 events):
No events

Internal exceptions (2 events):
Event: 0.504 Thread 0x0000000002e12800 Exception <a 'java/lang/NoSuchMethodError': Method sun.misc.Unsafe.defineClass(Ljava/lang/String;[BII)Ljava/lang/Class; name or signature does not match> (0x00000000ecc0de90) thrown at [C:\re\workspace\8-2-build-windows-amd64-cygwin\jdk8u60\4407\hotspot\sr§7çî#à?
Event: 0.504 Thread 0x0000000002e12800 Exception <a 'java/lang/NoSuchMethodError': Method sun.misc.Unsafe.prefetchRead(Ljava/lang/Object;J)V name or signature does not match> (0x00000000ecc0e178) thrown at [C:\re\workspace\8-2-build-windows-amd64-cygwin\jdk8u60\4407\hotspot\src\share\vm\prims\j

Events (10 events):
Event: 49.630 Executing VM operation: GetOrSetLocal
Event: 49.630 Executing VM operation: GetOrSetLocal done
Event: 84.782 Executing VM operation: ChangeBreakpoints
Event: 84.783 Executing VM operation: ChangeBreakpoints done
Event: 84.833 Executing VM operation: ChangeBreakpoints
Event: 84.834 Executing VM operation: ChangeBreakpoints done
Event: 85.089 Executing VM operation: RedefineClasses
Event: 85.097 Executing VM operation: RedefineClasses done
Event: 85.110 Executing VM operation: GetOrSetLocal
Event: 85.110 Executing VM operation: GetOrSetLocal done


Dynamic libraries:
0x00007ff709d90000 - 0x00007ff709dc7000 	C:\Program Files\Java\jdk1.8.0_60\bin\java.exe
0x00007ffd001c0000 - 0x00007ffd00391000 	C:\Windows\SYSTEM32\ntdll.dll
0x00007ffcfd9b0000 - 0x00007ffcfda5b000 	C:\Windows\System32\KERNEL32.DLL
0x00007ffcfd360000 - 0x00007ffcfd57d000 	C:\Windows\System32\KERNELBASE.dll
0x00007ffcfd750000 - 0x00007ffcfd7f2000 	C:\Windows\System32\ADVAPI32.dll
0x00007ffcfdb70000 - 0x00007ffcfdc0e000 	C:\Windows\System32\msvcrt.dll
0x00007ffcffde0000 - 0x00007ffcffe39000 	C:\Windows\System32\sechost.dll
0x00007ffcfe040000 - 0x00007ffcfe161000 	C:\Windows\System32\RPCRT4.dll
0x00007ffcffeb0000 - 0x00007ffd00015000 	C:\Windows\System32\USER32.dll
0x00007ffcfd050000 - 0x00007ffcfd06e000 	C:\Windows\System32\win32u.dll
0x00007ffd00180000 - 0x00007ffd001b4000 	C:\Windows\System32\GDI32.dll
0x00007ffcfd070000 - 0x00007ffcfd1f2000 	C:\Windows\System32\gdi32full.dll
0x00007ffcf4030000 - 0x00007ffcf42aa000 	C:\Windows\WinSxS\amd64_microsoft.windows.common-controls_6595b64144ccf1df_6.0.14393.953_none_42151e83c686086b\COMCTL32.dll
0x00007ffcff690000 - 0x00007ffcff958000 	C:\Windows\System32\combase.dll
0x00007ffcfc6b0000 - 0x00007ffcfc7a5000 	C:\Windows\System32\ucrtbase.dll
0x00007ffcfc900000 - 0x00007ffcfc96a000 	C:\Windows\System32\bcryptPrimitives.dll
0x00007ffcffd80000 - 0x00007ffcffdae000 	C:\Windows\System32\IMM32.DLL
0x000000006d4d0000 - 0x000000006d5a2000 	C:\Program Files\Java\jdk1.8.0_60\jre\bin\msvcr100.dll
0x000000006cc40000 - 0x000000006d4c9000 	C:\Program Files\Java\jdk1.8.0_60\jre\bin\server\jvm.dll
0x00007ffcff680000 - 0x00007ffcff688000 	C:\Windows\System32\PSAPI.DLL
0x00007ffce6c00000 - 0x00007ffce6c09000 	C:\Windows\SYSTEM32\WSOCK32.dll
0x00007ffcfdb00000 - 0x00007ffcfdb6a000 	C:\Windows\System32\WS2_32.dll
0x00007ffcfa530000 - 0x00007ffcfa553000 	C:\Windows\SYSTEM32\WINMM.dll
0x00007ffcf9290000 - 0x00007ffcf929a000 	C:\Windows\SYSTEM32\VERSION.dll
0x00007ffcfa4d0000 - 0x00007ffcfa4fb000 	C:\Windows\SYSTEM32\WINMMBASE.dll
0x00007ffcfd200000 - 0x00007ffcfd242000 	C:\Windows\System32\cfgmgr32.dll
0x000000006df60000 - 0x000000006df6f000 	C:\Program Files\Java\jdk1.8.0_60\jre\bin\verify.dll
0x000000006df30000 - 0x000000006df59000 	C:\Program Files\Java\jdk1.8.0_60\jre\bin\java.dll
0x000000006ded0000 - 0x000000006df05000 	C:\Program Files\Java\jdk1.8.0_60\jre\bin\jdwp.dll
0x000000006dec0000 - 0x000000006dec8000 	C:\Program Files\Java\jdk1.8.0_60\jre\bin\npt.dll
0x000000006df10000 - 0x000000006df26000 	C:\Program Files\Java\jdk1.8.0_60\jre\bin\zip.dll
0x00007ffcfe170000 - 0x00007ffcff678000 	C:\Windows\System32\SHELL32.dll
0x00007ffcfc970000 - 0x00007ffcfd04a000 	C:\Windows\System32\windows.storage.dll
0x00007ffcfc620000 - 0x00007ffcfc66c000 	C:\Windows\System32\powrprof.dll
0x00007ffcffa20000 - 0x00007ffcffa72000 	C:\Windows\System32\shlwapi.dll
0x00007ffcfc670000 - 0x00007ffcfc67f000 	C:\Windows\System32\kernel.appcore.dll
0x00007ffcfc7b0000 - 0x00007ffcfc859000 	C:\Windows\System32\shcore.dll
0x00007ffcfc690000 - 0x00007ffcfc6a4000 	C:\Windows\System32\profapi.dll
0x000000006deb0000 - 0x000000006deb9000 	C:\Program Files\Java\jdk1.8.0_60\jre\bin\dt_socket.dll
0x00007ffcfbef0000 - 0x00007ffcfbf4c000 	C:\Windows\system32\mswsock.dll
0x00007ffcebf00000 - 0x00007ffcec092000 	C:\Windows\SYSTEM32\dbghelp.dll

VM Arguments:
jvm_args: -agentlib:jdwp=transport=dt_socket,address=127.0.0.1:5949,suspend=y,server=n -Dfile.encoding=UTF-8 
java_command: mitocode.java8.collectionsjava8.CollectionApp
java_class_path (initial): C:\Program Files\Java\jdk1.8.0_60\jre\lib\charsets.jar;C:\Program Files\Java\jdk1.8.0_60\jre\lib\deploy.jar;C:\Program Files\Java\jdk1.8.0_60\jre\lib\ext\access-bridge-64.jar;C:\Program Files\Java\jdk1.8.0_60\jre\lib\ext\cldrdata.jar;C:\Program Files\Java\jdk1.8.0_60\jre\lib\ext\dnsns.jar;C:\Program Files\Java\jdk1.8.0_60\jre\lib\ext\jaccess.jar;C:\Program Files\Java\jdk1.8.0_60\jre\lib\ext\jfxrt.jar;C:\Program Files\Java\jdk1.8.0_60\jre\lib\ext\localedata.jar;C:\Program Files\Java\jdk1.8.0_60\jre\lib\ext\nashorn.jar;C:\Program Files\Java\jdk1.8.0_60\jre\lib\ext\sunec.jar;C:\Program Files\Java\jdk1.8.0_60\jre\lib\ext\sunjce_provider.jar;C:\Program Files\Java\jdk1.8.0_60\jre\lib\ext\sunmscapi.jar;C:\Program Files\Java\jdk1.8.0_60\jre\lib\ext\sunpkcs11.jar;C:\Program Files\Java\jdk1.8.0_60\jre\lib\ext\zipfs.jar;C:\Program Files\Java\jdk1.8.0_60\jre\lib\javaws.jar;C:\Program Files\Java\jdk1.8.0_60\jre\lib\jce.jar;C:\Program Files\Java\jdk1.8.0_60\jre\lib\jfr.jar;C:\Program Files\Java\jdk1.8.0_60\jre\lib\jfxswt.jar;C:\Program Files\Java\jdk1.8.0_60\jre\lib\jsse.jar;C:\Program Files\Java\jdk1.8.0_60\jre\lib\management-agent.jar;C:\Program Files\Java\jdk1.8.0_60\jre\lib\plugin.jar;C:\Program Files\Java\jdk1.8.0_60\jre\lib\resources.jar;C:\Program Files\Java\jdk1.8.0_60\jre\lib\rt.jar;C:\Users\Ivans\IdeaProjects\javapractices\out\production\practicesjava;C:\Users\Ivans\AppData\Local\JetBrains\Toolbox\apps\IDEA-U\ch-0\171.3780.107\lib\idea_rt.jar
Launcher Type: SUN_STANDARD

Environment Variables:
JAVA_HOME=C:\Program Files\Java\jdk1.8.0_60
PATH=C:\Windows\system32;C:\Windows;C:\Windows\System32\Wbem;C:\Windows\System32\WindowsPowerShell\v1.0\;C:\Program Files (x86)\ATI Technologies\ATI.ACE\Core-Static;C:\Program Files (x86)\Calibre2\;C:\Program Files\nodejs\;C:\Program Files\Git\cmd;C:\Program Files (x86)\Windows Kits\10\Windows Performance Toolkit\;C:\Program Files\Microsoft SQL Server\130\Tools\Binn\;C:\Program Files\Java\jdk1.8.0_60\bin;C:\Go\bin;C:\xampp\php;C:\Users\Ivans\AppData\Local\Microsoft\WindowsApps;C:\Users\Ivans\AppData\Roaming\npm
USERNAME=Ivans
OS=Windows_NT
PROCESSOR_IDENTIFIER=AMD64 Family 20 Model 2 Stepping 0, AuthenticAMD



---------------  S Y S T E M  ---------------

OS: Windows 10.0 , 64 bit Build 14393 (10.0.14393.0)

CPU:total 2 (2 cores per cpu, 1 threads per core) family 20 model 2 stepping 0, cmov, cx8, fxsr, mmx, sse, sse2, sse3, ssse3, popcnt, mmxext, lzcnt, sse4a, tsc, tscinvbit, tscinv

Memory: 4k page, physical 3780584k(1249156k free), swap 6533096k(2338148k free)

vm_info: Java HotSpot(TM) 64-Bit Server VM (25.60-b23) for windows-amd64 JRE (1.8.0_60-b27), built on Aug  4 2015 11:06:27 by "java_re" with MS VC++ 10.0 (VS2010)

time: Sun May 07 15:26:27 2017
elapsed time: 89 seconds (0d 0h 1m 29s)

